<?xml version="1.0" encoding="UTF-8"?>
<!-- Generated by org.testng.reporters.JUnitXMLReporter -->
<testsuite ignored="3" hostname="Vaishak" failures="0" tests="0" time="0.002" errors="0" timestamp="2024-07-06T13:09:37 IST">
  <testcase classname="gdfgd.xa" name="m" time="0.0">
    <ignored/>
  </testcase> <!-- m -->
  <testcase classname="gdfgd.xa" name="n" time="0.0">
    <ignored/>
  </testcase> <!-- n -->
  <testcase classname="gdfgd.xa" name="q" time="0.0">
    <ignored/>
  </testcase> <!-- q -->
</testsuite>
