<?xml version="1.0" encoding="UTF-8"?>
<!-- Generated by org.testng.reporters.JUnitXMLReporter -->
<testsuite ignored="0" hostname="Vaishak" failures="0" tests="8" name="Test4" time="0.085" errors="0" timestamp="2024-07-06T14:45:25 IST">
  <testcase classname="gdfgd.priority" name="DATA" time="0.012"/>
  <testcase classname="gdfgd.priority" name="DATA" time="0.001"/>
  <testcase classname="gdfgd.priority" name="t3" time="0.002"/>
  <testcase classname="gdfgd.priority" name="t1" time="0.001"/>
  <testcase classname="gdfgd.priority" name="t2" time="0.001"/>
  <testcase classname="gdfgd.priority" name="z" time="0.001"/>
  <testcase classname="gdfgd.priority" name="D" time="0.002"/>
  <testcase classname="gdfgd.priority" name="u" time="0.001"/>
</testsuite> <!-- Test4 -->
