<?xml version="1.0" encoding="UTF-8"?>
<!-- Generated by org.testng.reporters.JUnitXMLReporter -->
<testsuite ignored="0" hostname="Vaishak" failures="0" tests="6" name="Test4" time="0.222" errors="0" timestamp="2024-07-06T16:38:39 IST">
  <testcase classname="gdfgd.priority" name="t3" time="0.011"/>
  <testcase classname="gdfgd.priority" name="t1" time="0.002"/>
  <testcase classname="gdfgd.priority" name="t2" time="0.001"/>
  <testcase classname="gdfgd.priority" name="z" time="0.001"/>
  <testcase classname="gdfgd.priority" name="D" time="0.004"/>
  <testcase classname="gdfgd.priority" name="u" time="0.001"/>
</testsuite> <!-- Test4 -->
