<?xml version="1.0" encoding="UTF-8"?>
<testng-results ignored="0" total="6" passed="6" failed="0" skipped="0">
  <reporter-output>
  </reporter-output>
  <suite started-at="2024-07-06T16:38:38 IST" name="Suite" finished-at="2024-07-06T16:38:38 IST" duration-ms="222">
    <groups>
    </groups>
    <test started-at="2024-07-06T16:38:38 IST" name="Test4" finished-at="2024-07-06T16:38:38 IST" duration-ms="222">
      <class name="gdfgd.priority">
        <test-method is-config="true" signature="s()[pri:0, instance:gdfgd.priority@6aeb35e6]" started-at="2024-07-06T16:38:38 IST" name="s" finished-at="2024-07-06T16:38:38 IST" duration-ms="42" status="PASS">
          <reporter-output>
          </reporter-output>
        </test-method> <!-- s -->
        <test-method is-config="true" signature="t8()[pri:0, instance:gdfgd.priority@6aeb35e6]" started-at="2024-07-06T16:38:38 IST" name="t8" finished-at="2024-07-06T16:38:38 IST" duration-ms="1" status="PASS">
          <reporter-output>
          </reporter-output>
        </test-method> <!-- t8 -->
        <test-method is-config="true" signature="l()[pri:0, instance:gdfgd.priority@6aeb35e6]" started-at="2024-07-06T16:38:38 IST" name="l" finished-at="2024-07-06T16:38:38 IST" duration-ms="2" status="PASS">
          <reporter-output>
          </reporter-output>
        </test-method> <!-- l -->
        <test-method is-config="true" signature="t7()[pri:0, instance:gdfgd.priority@6aeb35e6]" started-at="2024-07-06T16:38:38 IST" name="t7" finished-at="2024-07-06T16:38:38 IST" duration-ms="0" status="PASS">
          <reporter-output>
          </reporter-output>
        </test-method> <!-- t7 -->
        <test-method signature="t3()[pri:0, instance:gdfgd.priority@6aeb35e6]" started-at="2024-07-06T16:38:38 IST" name="t3" finished-at="2024-07-06T16:38:38 IST" duration-ms="11" status="PASS">
          <reporter-output>
          </reporter-output>
        </test-method> <!-- t3 -->
        <test-method is-config="true" signature="t6()[pri:0, instance:gdfgd.priority@6aeb35e6]" started-at="2024-07-06T16:38:38 IST" name="t6" finished-at="2024-07-06T16:38:38 IST" duration-ms="1" status="PASS">
          <reporter-output>
          </reporter-output>
        </test-method> <!-- t6 -->
        <test-method is-config="true" signature="t7()[pri:0, instance:gdfgd.priority@6aeb35e6]" started-at="2024-07-06T16:38:38 IST" name="t7" finished-at="2024-07-06T16:38:38 IST" duration-ms="1" status="PASS">
          <reporter-output>
          </reporter-output>
        </test-method> <!-- t7 -->
        <test-method signature="t1()[pri:1, instance:gdfgd.priority@6aeb35e6]" started-at="2024-07-06T16:38:38 IST" name="t1" finished-at="2024-07-06T16:38:38 IST" duration-ms="2" status="PASS">
          <reporter-output>
          </reporter-output>
        </test-method> <!-- t1 -->
        <test-method is-config="true" signature="t6()[pri:0, instance:gdfgd.priority@6aeb35e6]" started-at="2024-07-06T16:38:38 IST" name="t6" finished-at="2024-07-06T16:38:38 IST" duration-ms="1" status="PASS">
          <reporter-output>
          </reporter-output>
        </test-method> <!-- t6 -->
        <test-method is-config="true" signature="t7()[pri:0, instance:gdfgd.priority@6aeb35e6]" started-at="2024-07-06T16:38:38 IST" name="t7" finished-at="2024-07-06T16:38:38 IST" duration-ms="1" status="PASS">
          <reporter-output>
          </reporter-output>
        </test-method> <!-- t7 -->
        <test-method signature="t2()[pri:2, instance:gdfgd.priority@6aeb35e6]" started-at="2024-07-06T16:38:38 IST" name="t2" finished-at="2024-07-06T16:38:38 IST" duration-ms="1" status="PASS">
          <reporter-output>
          </reporter-output>
        </test-method> <!-- t2 -->
        <test-method is-config="true" signature="t6()[pri:0, instance:gdfgd.priority@6aeb35e6]" started-at="2024-07-06T16:38:38 IST" name="t6" finished-at="2024-07-06T16:38:38 IST" duration-ms="1" status="PASS">
          <reporter-output>
          </reporter-output>
        </test-method> <!-- t6 -->
        <test-method is-config="true" signature="t7()[pri:0, instance:gdfgd.priority@6aeb35e6]" started-at="2024-07-06T16:38:38 IST" name="t7" finished-at="2024-07-06T16:38:38 IST" duration-ms="1" status="PASS">
          <reporter-output>
          </reporter-output>
        </test-method> <!-- t7 -->
        <test-method signature="z()[pri:4, instance:gdfgd.priority@6aeb35e6]" started-at="2024-07-06T16:38:38 IST" name="z" finished-at="2024-07-06T16:38:38 IST" duration-ms="1" status="PASS">
          <reporter-output>
          </reporter-output>
        </test-method> <!-- z -->
        <test-method is-config="true" signature="t6()[pri:0, instance:gdfgd.priority@6aeb35e6]" started-at="2024-07-06T16:38:38 IST" name="t6" finished-at="2024-07-06T16:38:38 IST" duration-ms="1" status="PASS">
          <reporter-output>
          </reporter-output>
        </test-method> <!-- t6 -->
        <test-method is-config="true" signature="t7()[pri:0, instance:gdfgd.priority@6aeb35e6]" started-at="2024-07-06T16:38:38 IST" name="t7" finished-at="2024-07-06T16:38:38 IST" duration-ms="1" status="PASS">
          <reporter-output>
          </reporter-output>
        </test-method> <!-- t7 -->
        <test-method signature="D(java.lang.String)[pri:5, instance:gdfgd.priority@6aeb35e6]" started-at="2024-07-06T16:38:38 IST" name="D" finished-at="2024-07-06T16:38:38 IST" duration-ms="4" status="PASS">
          <params>
            <param index="0">
              <value>
                <![CDATA[WWW.GOOGLE.COM]]>
              </value>
            </param>
          </params>
          <reporter-output>
          </reporter-output>
        </test-method> <!-- D -->
        <test-method is-config="true" signature="t6()[pri:0, instance:gdfgd.priority@6aeb35e6]" started-at="2024-07-06T16:38:38 IST" name="t6" finished-at="2024-07-06T16:38:38 IST" duration-ms="1" status="PASS">
          <reporter-output>
          </reporter-output>
        </test-method> <!-- t6 -->
        <test-method is-config="true" signature="t7()[pri:0, instance:gdfgd.priority@6aeb35e6]" started-at="2024-07-06T16:38:38 IST" name="t7" finished-at="2024-07-06T16:38:38 IST" duration-ms="1" status="PASS">
          <reporter-output>
          </reporter-output>
        </test-method> <!-- t7 -->
        <test-method signature="u()[pri:6, instance:gdfgd.priority@6aeb35e6]" started-at="2024-07-06T16:38:38 IST" name="u" finished-at="2024-07-06T16:38:38 IST" depends-on-methods="gdfgd.priority.z" duration-ms="1" status="PASS">
          <reporter-output>
          </reporter-output>
        </test-method> <!-- u -->
        <test-method is-config="true" signature="t6()[pri:0, instance:gdfgd.priority@6aeb35e6]" started-at="2024-07-06T16:38:38 IST" name="t6" finished-at="2024-07-06T16:38:38 IST" duration-ms="1" status="PASS">
          <reporter-output>
          </reporter-output>
        </test-method> <!-- t6 -->
        <test-method is-config="true" signature="k()[pri:0, instance:gdfgd.priority@6aeb35e6]" started-at="2024-07-06T16:38:38 IST" name="k" finished-at="2024-07-06T16:38:38 IST" duration-ms="2" status="PASS">
          <reporter-output>
          </reporter-output>
        </test-method> <!-- k -->
        <test-method is-config="true" signature="t9()[pri:0, instance:gdfgd.priority@6aeb35e6]" started-at="2024-07-06T16:38:38 IST" name="t9" finished-at="2024-07-06T16:38:38 IST" duration-ms="1" status="PASS">
          <reporter-output>
          </reporter-output>
        </test-method> <!-- t9 -->
        <test-method is-config="true" signature="j()[pri:0, instance:gdfgd.priority@6aeb35e6]" started-at="2024-07-06T16:38:39 IST" name="j" finished-at="2024-07-06T16:38:39 IST" duration-ms="0" status="PASS">
          <reporter-output>
          </reporter-output>
        </test-method> <!-- j -->
      </class> <!-- gdfgd.priority -->
    </test> <!-- Test4 -->
  </suite> <!-- Suite -->
</testng-results>
